TN:
SF:src\modules\appointments\services\CreateAppointmentService.ts
FN:16,CreateAppointmentServices
FN:21,Object.<anonymous>.CreateAppointmentServices.execute
FNF:2
FNH:2
FNDA:2,CreateAppointmentServices
FNDA:3,Object.<anonymous>.CreateAppointmentServices.execute
DA:1,1
DA:2,1
DA:3,1
DA:4,1
DA:5,1
DA:6,1
DA:7,1
DA:8,1
DA:9,1
DA:10,1
DA:11,1
DA:12,1
DA:13,1
DA:14,1
DA:15,1
DA:16,1
DA:17,2
DA:18,2
DA:19,2
DA:20,1
DA:21,1
DA:22,3
DA:23,3
DA:24,3
DA:25,3
DA:26,3
DA:27,3
DA:28,3
DA:29,3
DA:30,3
DA:31,3
DA:32,3
DA:33,3
DA:34,3
DA:35,1
DA:36,1
DA:37,2
DA:38,2
DA:39,2
DA:40,2
DA:41,2
DA:42,3
DA:43,3
DA:44,3
DA:45,1
DA:46,1
DA:47,1
LF:47
LH:47
BRDA:14,0,0,1
BRDA:16,1,0,2
BRDA:21,2,0,3
BRDA:34,3,0,1
BRDA:37,4,0,2
BRF:5
BRH:5
end_of_record
TN:
SF:src\modules\users\services\AuthenticateUserService.ts
FN:22,AuthenticateUserService
FN:32,Object.<anonymous>.AuthenticateUserService.execute
FNF:2
FNH:2
FNDA:3,AuthenticateUserService
FNDA:3,Object.<anonymous>.AuthenticateUserService.execute
DA:1,1
DA:2,1
DA:3,1
DA:4,1
DA:5,1
DA:6,1
DA:7,1
DA:8,1
DA:9,1
DA:10,1
DA:11,1
DA:12,1
DA:13,1
DA:14,1
DA:15,1
DA:16,1
DA:17,1
DA:18,1
DA:19,1
DA:20,1
DA:21,1
DA:22,1
DA:23,3
DA:24,3
DA:25,3
DA:26,3
DA:27,3
DA:28,3
DA:29,3
DA:30,3
DA:31,1
DA:32,1
DA:33,3
DA:34,3
DA:35,3
DA:36,1
DA:37,1
DA:38,2
DA:39,2
DA:40,2
DA:41,2
DA:42,2
DA:43,3
DA:44,3
DA:45,1
DA:46,1
DA:47,1
DA:48,1
DA:49,1
DA:50,1
DA:51,1
DA:52,1
DA:53,1
DA:54,1
DA:55,1
DA:56,3
DA:57,1
DA:58,1
DA:59,1
LF:59
LH:59
BRDA:21,0,0,1
BRDA:22,1,0,3
BRDA:32,2,0,3
BRDA:33,3,0,3
BRDA:35,4,0,1
BRDA:38,5,0,2
BRDA:44,6,0,1
BRF:7
BRH:7
end_of_record
TN:
SF:src\modules\users\services\CreateUserService.ts
FN:15,CreateUserService
FN:23,Object.<anonymous>.CreateUserService.execute
FNF:2
FNH:2
FNDA:4,CreateUserService
FNDA:5,Object.<anonymous>.CreateUserService.execute
DA:1,1
DA:2,1
DA:3,1
DA:4,1
DA:5,1
DA:6,1
DA:7,1
DA:8,1
DA:9,1
DA:10,1
DA:11,1
DA:12,1
DA:13,1
DA:14,2
DA:15,2
DA:16,4
DA:17,4
DA:18,4
DA:19,4
DA:20,4
DA:21,4
DA:22,2
DA:23,2
DA:24,5
DA:25,5
DA:26,1
DA:27,1
DA:28,4
DA:29,4
DA:30,5
DA:31,5
DA:32,5
DA:33,5
DA:34,5
DA:35,5
DA:36,5
DA:37,5
DA:38,5
DA:39,2
DA:40,1
DA:41,1
LF:41
LH:41
BRDA:14,0,0,2
BRDA:15,1,0,4
BRDA:23,2,0,5
BRDA:24,3,0,5
BRDA:25,4,0,1
BRDA:28,5,0,4
BRF:6
BRH:6
end_of_record
TN:
SF:src\modules\users\services\UpdateUserAvatarService.ts
FN:15,UpdateUserAvatarService
FN:23,Object.<anonymous>.UpdateUserAvatarService.execute
FNF:2
FNH:2
FNDA:3,UpdateUserAvatarService
FNDA:4,Object.<anonymous>.UpdateUserAvatarService.execute
DA:1,1
DA:2,1
DA:3,1
DA:4,1
DA:5,1
DA:6,1
DA:7,1
DA:8,1
DA:9,1
DA:10,1
DA:11,1
DA:12,1
DA:13,1
DA:14,1
DA:15,1
DA:16,3
DA:17,3
DA:18,3
DA:19,3
DA:20,3
DA:21,3
DA:22,1
DA:23,1
DA:24,4
DA:25,4
DA:26,4
DA:27,1
DA:28,1
DA:29,3
DA:30,3
DA:31,3
DA:32,1
DA:33,1
DA:34,4
DA:35,4
DA:36,4
DA:37,4
DA:38,4
DA:39,4
DA:40,4
DA:41,4
DA:42,4
DA:43,4
DA:44,4
DA:45,1
DA:46,1
DA:47,1
LF:47
LH:47
BRDA:14,0,0,1
BRDA:15,1,0,3
BRDA:23,2,0,4
BRDA:24,3,0,4
BRDA:26,4,0,1
BRDA:29,5,0,3
BRDA:31,6,0,2
BRDA:31,7,0,1
BRDA:37,8,0,3
BRF:9
BRH:9
end_of_record
